<?xml version="1.0" encoding="UTF-8"?>
<testng-results ignored="0" total="2" passed="2" failed="0" skipped="0">
  <reporter-output>
  </reporter-output>
  <suite started-at="2022-03-05T11:11:41 EET" name="Suite" finished-at="2022-03-05T11:11:49 EET" duration-ms="7866">
    <groups>
    </groups>
    <test started-at="2022-03-05T11:11:41 EET" name="Test" finished-at="2022-03-05T11:11:49 EET" duration-ms="7866">
      <class name="Azza_Rest.NewTest">
        <test-method is-config="true" signature="NewTestBeforeMethod()[pri:0, instance:Azza_Rest.NewTest@3d1cfad4]" started-at="2022-03-05T11:11:41 EET" name="NewTestBeforeMethod" finished-at="2022-03-05T11:11:41 EET" duration-ms="10" status="PASS">
          <reporter-output>
          </reporter-output>
        </test-method> <!-- NewTestBeforeMethod -->
        <test-method signature="getMethod()[pri:0, instance:Azza_Rest.NewTest@3d1cfad4]" started-at="2022-03-05T11:11:41 EET" name="getMethod" finished-at="2022-03-05T11:11:46 EET" duration-ms="5441" status="PASS">
          <reporter-output>
          </reporter-output>
        </test-method> <!-- getMethod -->
        <test-method is-config="true" signature="NewTestBeforeMethod()[pri:0, instance:Azza_Rest.NewTest@3d1cfad4]" started-at="2022-03-05T11:11:46 EET" name="NewTestBeforeMethod" finished-at="2022-03-05T11:11:46 EET" duration-ms="0" status="PASS">
          <reporter-output>
          </reporter-output>
        </test-method> <!-- NewTestBeforeMethod -->
        <test-method signature="postMethod()[pri:0, instance:Azza_Rest.NewTest@3d1cfad4]" started-at="2022-03-05T11:11:46 EET" name="postMethod" finished-at="2022-03-05T11:11:49 EET" duration-ms="2342" status="PASS">
          <reporter-output>
          </reporter-output>
        </test-method> <!-- postMethod -->
      </class> <!-- Azza_Rest.NewTest -->
    </test> <!-- Test -->
  </suite> <!-- Suite -->
</testng-results>
